0 info it worked if it ends with ok
1 verbose cli [ '/usr/bin/nodejs',
1 verbose cli   '/usr/bin/npm',
1 verbose cli   'install',
1 verbose cli   '-S',
1 verbose cli   'react-addons-pure-render-mixin' ]
2 info using npm@2.15.9
3 info using node@v4.5.0
4 verbose install initial load of /var/www/html/GITapps/contacts-app/package.json
5 warn package.json proreactjs@1.0.0 No description
6 verbose installManyTop reading scoped package data from /var/www/html/GITapps/contacts-app/node_modules/babel-core/package.json
7 verbose installManyTop reading scoped package data from /var/www/html/GITapps/contacts-app/node_modules/babel-loader/package.json
8 verbose installManyTop reading scoped package data from /var/www/html/GITapps/contacts-app/node_modules/babel-preset-es2015/package.json
9 verbose installManyTop reading scoped package data from /var/www/html/GITapps/contacts-app/node_modules/babel-preset-react/package.json
10 verbose installManyTop reading scoped package data from /var/www/html/GITapps/contacts-app/node_modules/bootstrap/package.json
11 verbose installManyTop reading scoped package data from /var/www/html/GITapps/contacts-app/node_modules/jquery/package.json
12 verbose installManyTop reading scoped package data from /var/www/html/GITapps/contacts-app/node_modules/marked/package.json
13 verbose installManyTop reading scoped package data from /var/www/html/GITapps/contacts-app/node_modules/react/package.json
14 verbose installManyTop reading scoped package data from /var/www/html/GITapps/contacts-app/node_modules/react-addons-update/package.json
15 verbose installManyTop reading scoped package data from /var/www/html/GITapps/contacts-app/node_modules/react-dom/package.json
16 verbose installManyTop reading scoped package data from /var/www/html/GITapps/contacts-app/node_modules/react-hot-loader/package.json
17 verbose installManyTop reading scoped package data from /var/www/html/GITapps/contacts-app/node_modules/webpack/package.json
18 verbose installManyTop reading scoped package data from /var/www/html/GITapps/contacts-app/node_modules/webpack-dev-server/package.json
19 verbose installManyTop reading scoped package data from /var/www/html/GITapps/contacts-app/node_modules/whatwg-fetch/package.json
20 info package.json webpack-dev-server@1.16.1 No README data
21 verbose readDependencies loading dependencies from /var/www/html/GITapps/contacts-app/package.json
22 silly cache add args [ 'react-addons-pure-render-mixin', null ]
23 verbose cache add spec react-addons-pure-render-mixin
24 silly cache add parsed spec Result {
24 silly cache add   raw: 'react-addons-pure-render-mixin',
24 silly cache add   scope: null,
24 silly cache add   name: 'react-addons-pure-render-mixin',
24 silly cache add   rawSpec: '',
24 silly cache add   spec: 'latest',
24 silly cache add   type: 'tag' }
25 silly addNamed react-addons-pure-render-mixin@latest
26 verbose addNamed "latest" is being treated as a dist-tag for react-addons-pure-render-mixin
27 info addNameTag [ 'react-addons-pure-render-mixin', 'latest' ]
28 silly mapToRegistry name react-addons-pure-render-mixin
29 silly mapToRegistry using default registry
30 silly mapToRegistry registry https://registry.npmjs.org/
31 silly mapToRegistry data Result {
31 silly mapToRegistry   raw: 'react-addons-pure-render-mixin',
31 silly mapToRegistry   scope: null,
31 silly mapToRegistry   name: 'react-addons-pure-render-mixin',
31 silly mapToRegistry   rawSpec: '',
31 silly mapToRegistry   spec: 'latest',
31 silly mapToRegistry   type: 'tag' }
32 silly mapToRegistry uri https://registry.npmjs.org/react-addons-pure-render-mixin
33 verbose addNameTag registry:https://registry.npmjs.org/react-addons-pure-render-mixin not in flight; fetching
34 verbose request uri https://registry.npmjs.org/react-addons-pure-render-mixin
35 verbose request no auth needed
36 info attempt registry request try #1 at 18:29:47
37 verbose request id 6eb0ee09d9418daf
38 http request GET https://registry.npmjs.org/react-addons-pure-render-mixin
39 http 200 https://registry.npmjs.org/react-addons-pure-render-mixin
40 verbose headers { server: 'CouchDB/1.5.0 (Erlang OTP/R16B03)',
40 verbose headers   etag: '"5DG1MSJPPBL627YIQVEK3BO8J"',
40 verbose headers   'content-type': 'application/json',
40 verbose headers   'content-encoding': 'gzip',
40 verbose headers   'cache-control': 'max-age=300',
40 verbose headers   'content-length': '5939',
40 verbose headers   'accept-ranges': 'bytes',
40 verbose headers   date: 'Sun, 25 Sep 2016 16:29:48 GMT',
40 verbose headers   via: '1.1 varnish',
40 verbose headers   age: '0',
40 verbose headers   connection: 'keep-alive',
40 verbose headers   'x-served-by': 'cache-lhr6334-LHR',
40 verbose headers   'x-cache': 'HIT',
40 verbose headers   'x-cache-hits': '1',
40 verbose headers   'x-timer': 'S1474820988.539012,VS0,VE370',
40 verbose headers   vary: 'Accept-Encoding' }
41 silly get cb [ 200,
41 silly get   { server: 'CouchDB/1.5.0 (Erlang OTP/R16B03)',
41 silly get     etag: '"5DG1MSJPPBL627YIQVEK3BO8J"',
41 silly get     'content-type': 'application/json',
41 silly get     'content-encoding': 'gzip',
41 silly get     'cache-control': 'max-age=300',
41 silly get     'content-length': '5939',
41 silly get     'accept-ranges': 'bytes',
41 silly get     date: 'Sun, 25 Sep 2016 16:29:48 GMT',
41 silly get     via: '1.1 varnish',
41 silly get     age: '0',
41 silly get     connection: 'keep-alive',
41 silly get     'x-served-by': 'cache-lhr6334-LHR',
41 silly get     'x-cache': 'HIT',
41 silly get     'x-cache-hits': '1',
41 silly get     'x-timer': 'S1474820988.539012,VS0,VE370',
41 silly get     vary: 'Accept-Encoding' } ]
42 verbose get saving react-addons-pure-render-mixin to /home/user/.npm/registry.npmjs.org/react-addons-pure-render-mixin/.cache.json
43 verbose correctMkdir /home/user/.npm correctMkdir not in flight; initializing
44 silly addNameTag next cb for react-addons-pure-render-mixin with tag latest
45 silly addNamed react-addons-pure-render-mixin@15.3.2
46 verbose addNamed "15.3.2" is a plain semver version for react-addons-pure-render-mixin
47 silly mapToRegistry name react-addons-pure-render-mixin
48 silly mapToRegistry using default registry
49 silly mapToRegistry registry https://registry.npmjs.org/
50 silly mapToRegistry data Result {
50 silly mapToRegistry   raw: 'react-addons-pure-render-mixin',
50 silly mapToRegistry   scope: null,
50 silly mapToRegistry   name: 'react-addons-pure-render-mixin',
50 silly mapToRegistry   rawSpec: '',
50 silly mapToRegistry   spec: 'latest',
50 silly mapToRegistry   type: 'tag' }
51 silly mapToRegistry uri https://registry.npmjs.org/react-addons-pure-render-mixin
52 verbose addRemoteTarball https://registry.npmjs.org/react-addons-pure-render-mixin/-/react-addons-pure-render-mixin-15.3.2.tgz not in flight; adding
53 verbose addRemoteTarball [ 'https://registry.npmjs.org/react-addons-pure-render-mixin/-/react-addons-pure-render-mixin-15.3.2.tgz',
53 verbose addRemoteTarball   'c5f54764667ead26e6cdf7178b6c8dbbd8463ec2' ]
54 info retry fetch attempt 1 at 18:29:49
55 info attempt registry request try #1 at 18:29:49
56 http fetch GET https://registry.npmjs.org/react-addons-pure-render-mixin/-/react-addons-pure-render-mixin-15.3.2.tgz
57 http fetch 200 https://registry.npmjs.org/react-addons-pure-render-mixin/-/react-addons-pure-render-mixin-15.3.2.tgz
58 silly fetchAndShaCheck shasum c5f54764667ead26e6cdf7178b6c8dbbd8463ec2
59 verbose addTmpTarball /tmp/npm-31992-d771a181/registry.npmjs.org/react-addons-pure-render-mixin/-/react-addons-pure-render-mixin-15.3.2.tgz not in flight; adding
60 verbose addTmpTarball already have metadata; skipping unpack for react-addons-pure-render-mixin@15.3.2
61 verbose correctMkdir /home/user/.npm correctMkdir not in flight; initializing
62 silly cache afterAdd react-addons-pure-render-mixin@15.3.2
63 verbose afterAdd /home/user/.npm/react-addons-pure-render-mixin/15.3.2/package/package.json not in flight; writing
64 verbose correctMkdir /home/user/.npm correctMkdir not in flight; initializing
65 verbose afterAdd /home/user/.npm/react-addons-pure-render-mixin/15.3.2/package/package.json written
66 silly install resolved [ { name: 'react-addons-pure-render-mixin',
66 silly install resolved     version: '15.3.2',
66 silly install resolved     main: 'index.js',
66 silly install resolved     repository:
66 silly install resolved      { type: 'git',
66 silly install resolved        url: 'git+https://github.com/facebook/react.git' },
66 silly install resolved     keywords: [ 'react', 'react-addon' ],
66 silly install resolved     license: 'BSD-3-Clause',
66 silly install resolved     dependencies: {},
66 silly install resolved     peerDependencies: { react: '^15.3.2' },
66 silly install resolved     files: [ 'LICENSE', 'PATENTS', 'README.md', 'index.js' ],
66 silly install resolved     description: 'This package provides the React PureRenderMixin add-on.',
66 silly install resolved     bugs: { url: 'https://github.com/facebook/react/issues' },
66 silly install resolved     homepage: 'https://github.com/facebook/react#readme',
66 silly install resolved     _id: 'react-addons-pure-render-mixin@15.3.2',
66 silly install resolved     _shasum: 'c5f54764667ead26e6cdf7178b6c8dbbd8463ec2',
66 silly install resolved     _resolved: 'https://registry.npmjs.org/react-addons-pure-render-mixin/-/react-addons-pure-render-mixin-15.3.2.tgz',
66 silly install resolved     _from: 'react-addons-pure-render-mixin@latest',
66 silly install resolved     scripts: {},
66 silly install resolved     _npmVersion: '3.10.3',
66 silly install resolved     _nodeVersion: '6.5.0',
66 silly install resolved     _npmUser: { name: 'zpao', email: 'paul@oshannessy.com' },
66 silly install resolved     maintainers: [ [Object], [Object], [Object], [Object], [Object], [Object] ],
66 silly install resolved     dist:
66 silly install resolved      { shasum: 'c5f54764667ead26e6cdf7178b6c8dbbd8463ec2',
66 silly install resolved        tarball: 'https://registry.npmjs.org/react-addons-pure-render-mixin/-/react-addons-pure-render-mixin-15.3.2.tgz' },
66 silly install resolved     _npmOperationalInternal:
66 silly install resolved      { host: 'packages-16-east.internal.npmjs.com',
66 silly install resolved        tmp: 'tmp/react-addons-pure-render-mixin-15.3.2.tgz_1474307202313_0.10271686711348593' },
66 silly install resolved     directories: {} } ]
67 info install react-addons-pure-render-mixin@15.3.2 into /var/www/html/GITapps/contacts-app
68 info installOne react-addons-pure-render-mixin@15.3.2
69 verbose installOne of react-addons-pure-render-mixin to /var/www/html/GITapps/contacts-app not in flight; installing
70 verbose correctMkdir /home/user/.npm/_locks correctMkdir not in flight; initializing
71 verbose lock using /home/user/.npm/_locks/react-addons-pure-render-5d77d91b51984ae1.lock for /var/www/html/GITapps/contacts-app/node_modules/react-addons-pure-render-mixin
72 silly install write writing react-addons-pure-render-mixin 15.3.2 to /var/www/html/GITapps/contacts-app/node_modules/react-addons-pure-render-mixin
73 verbose unbuild node_modules/react-addons-pure-render-mixin
74 silly gentlyRm /var/www/html/GITapps/contacts-app/node_modules/react-addons-pure-render-mixin is being purged from base /var/www/html/GITapps/contacts-app
75 verbose gentlyRm don't care about contents; nuking /var/www/html/GITapps/contacts-app/node_modules/react-addons-pure-render-mixin
76 verbose tar unpack /home/user/.npm/react-addons-pure-render-mixin/15.3.2/package.tgz
77 verbose tar unpacking to /var/www/html/GITapps/contacts-app/node_modules/react-addons-pure-render-mixin
78 silly gentlyRm /var/www/html/GITapps/contacts-app/node_modules/react-addons-pure-render-mixin is being purged
79 verbose gentlyRm don't care about contents; nuking /var/www/html/GITapps/contacts-app/node_modules/react-addons-pure-render-mixin
80 silly gunzTarPerm modes [ '755', '644' ]
81 silly gunzTarPerm extractEntry package.json
82 silly gunzTarPerm extractEntry README.md
83 silly gunzTarPerm extractEntry LICENSE
84 silly gunzTarPerm extractEntry index.js
85 silly gunzTarPerm extractEntry PATENTS
86 verbose write writing to /var/www/html/GITapps/contacts-app/node_modules/react-addons-pure-render-mixin/package.json
87 info preinstall react-addons-pure-render-mixin@15.3.2
88 verbose readDependencies loading dependencies from /var/www/html/GITapps/contacts-app/node_modules/react-addons-pure-render-mixin/package.json
89 silly prepareForInstallMany adding react@^15.3.2 from react-addons-pure-render-mixin peerDependencies
90 warn peerDependencies The peer dependency react@^15.3.2 included from react-addons-pure-render-mixin will no
91 warn peerDependencies longer be automatically installed to fulfill the peerDependency
92 warn peerDependencies in npm 3+. Your application will need to depend on it explicitly.
93 verbose readDependencies loading dependencies from /var/www/html/GITapps/contacts-app/node_modules/react-addons-pure-render-mixin/package.json
94 silly install resolved []
95 verbose about to build /var/www/html/GITapps/contacts-app/node_modules/react-addons-pure-render-mixin
96 info build /var/www/html/GITapps/contacts-app/node_modules/react-addons-pure-render-mixin
97 info linkStuff react-addons-pure-render-mixin@15.3.2
98 silly linkStuff react-addons-pure-render-mixin@15.3.2 has /var/www/html/GITapps/contacts-app/node_modules as its parent node_modules
99 verbose linkBins react-addons-pure-render-mixin@15.3.2
100 verbose linkMans react-addons-pure-render-mixin@15.3.2
101 verbose rebuildBundles react-addons-pure-render-mixin@15.3.2
102 info install react-addons-pure-render-mixin@15.3.2
103 info postinstall react-addons-pure-render-mixin@15.3.2
104 verbose readDependencies loading dependencies from /var/www/html/GITapps/contacts-app/package.json
105 verbose targetResolver reading package data from /var/www/html/GITapps/contacts-app/node_modules/babel-core/package.json
106 verbose targetResolver reading package data from /var/www/html/GITapps/contacts-app/node_modules/babel-loader/package.json
107 verbose targetResolver reading package data from /var/www/html/GITapps/contacts-app/node_modules/babel-preset-es2015/package.json
108 verbose targetResolver reading package data from /var/www/html/GITapps/contacts-app/node_modules/babel-preset-react/package.json
109 verbose targetResolver reading package data from /var/www/html/GITapps/contacts-app/node_modules/bootstrap/package.json
110 verbose targetResolver reading package data from /var/www/html/GITapps/contacts-app/node_modules/jquery/package.json
111 verbose targetResolver reading package data from /var/www/html/GITapps/contacts-app/node_modules/marked/package.json
112 verbose targetResolver reading package data from /var/www/html/GITapps/contacts-app/node_modules/react/package.json
113 verbose targetResolver reading package data from /var/www/html/GITapps/contacts-app/node_modules/react-addons-pure-render-mixin/package.json
114 verbose targetResolver reading package data from /var/www/html/GITapps/contacts-app/node_modules/react-addons-update/package.json
115 verbose targetResolver reading package data from /var/www/html/GITapps/contacts-app/node_modules/react-dom/package.json
116 verbose targetResolver reading package data from /var/www/html/GITapps/contacts-app/node_modules/react-hot-loader/package.json
117 verbose targetResolver reading package data from /var/www/html/GITapps/contacts-app/node_modules/webpack/package.json
118 verbose targetResolver reading package data from /var/www/html/GITapps/contacts-app/node_modules/webpack-dev-server/package.json
119 verbose targetResolver reading package data from /var/www/html/GITapps/contacts-app/node_modules/whatwg-fetch/package.json
120 verbose targetResolver reading package data from /var/www/html/GITapps/contacts-app/node_modules/.bin/marked/package.json
121 verbose targetResolver reading package data from /var/www/html/GITapps/contacts-app/node_modules/.bin/webpack/package.json
122 verbose targetResolver reading package data from /var/www/html/GITapps/contacts-app/node_modules/.bin/webpack-dev-server/package.json
123 verbose already installed skipping react@^15.3.2 /var/www/html/GITapps/contacts-app
124 silly install resolved []
125 verbose unlock done using /home/user/.npm/_locks/react-addons-pure-render-5d77d91b51984ae1.lock for /var/www/html/GITapps/contacts-app/node_modules/react-addons-pure-render-mixin
126 verbose validateInstall loading /var/www/html/GITapps/contacts-app/package.json for validation
127 verbose stack Error: The package react@15.3.1 does not satisfy its siblings' peerDependencies requirements!
127 verbose stack     at /usr/lib/node_modules/npm/lib/install.js:125:32
127 verbose stack     at /usr/lib/node_modules/npm/lib/install.js:268:7
127 verbose stack     at /usr/lib/node_modules/npm/node_modules/read-installed/read-installed.js:142:5
127 verbose stack     at /usr/lib/node_modules/npm/node_modules/read-installed/read-installed.js:263:14
127 verbose stack     at cb (/usr/lib/node_modules/npm/node_modules/slide/lib/async-map.js:47:24)
127 verbose stack     at /usr/lib/node_modules/npm/node_modules/read-installed/read-installed.js:263:14
127 verbose stack     at cb (/usr/lib/node_modules/npm/node_modules/slide/lib/async-map.js:47:24)
127 verbose stack     at /usr/lib/node_modules/npm/node_modules/read-installed/read-installed.js:263:14
127 verbose stack     at cb (/usr/lib/node_modules/npm/node_modules/slide/lib/async-map.js:47:24)
127 verbose stack     at /usr/lib/node_modules/npm/node_modules/read-installed/read-installed.js:263:14
128 verbose cwd /var/www/html/GITapps/contacts-app
129 error Linux 3.19.0-32-generic
130 error argv "/usr/bin/nodejs" "/usr/bin/npm" "install" "-S" "react-addons-pure-render-mixin"
131 error node v4.5.0
132 error npm  v2.15.9
133 error code EPEERINVALID
134 error peerinvalid The package react@15.3.1 does not satisfy its siblings' peerDependencies requirements!
134 error peerinvalid Peer react-dom@15.3.1 wants react@^15.3.1
134 error peerinvalid Peer react-addons-pure-render-mixin@15.3.2 wants react@^15.3.2
134 error peerinvalid Peer react-addons-update@15.3.2 wants react@^15.3.2
135 verbose exit [ 1, true ]
